<?xml version="1.0" encoding="UTF-8"?>
<!-- Generated by org.testng.reporters.JUnitXMLReporter -->
<testsuite ignored="0" hostname="DESKTOP-77U1V0G" failures="2" tests="5" name="Test" time="98.171" errors="0" timestamp="2025-01-07T19:13:32 IST">
  <testcase classname="testCases.TC003_LoginDDT" name="verify_loginDDT" time="9.618"/>
  <testcase classname="testCases.TC003_LoginDDT" name="verify_loginDDT" time="5.17">
    <failure type="java.lang.AssertionError" message="expected [true] but found [false]">
      <![CDATA[java.lang.AssertionError: expected [true] but found [false]
at testCases.TC003_LoginDDT.verify_loginDDT(TC003_LoginDDT.java:76)
at java.base/java.util.ArrayList.forEach(ArrayList.java:1511)
... Removed 31 stack frames]]>
    </failure>
  </testcase> <!-- verify_loginDDT -->
  <testcase classname="testCases.TC003_LoginDDT" name="verify_loginDDT" time="14.986"/>
  <testcase classname="testCases.TC003_LoginDDT" name="verify_loginDDT" time="14.818"/>
  <testcase classname="testCases.TC003_LoginDDT" name="verify_loginDDT" time="5.146">
    <failure type="java.lang.AssertionError" message="expected [true] but found [false]">
      <![CDATA[java.lang.AssertionError: expected [true] but found [false]
at testCases.TC003_LoginDDT.verify_loginDDT(TC003_LoginDDT.java:76)
at java.base/java.util.ArrayList.forEach(ArrayList.java:1511)
... Removed 31 stack frames]]>
    </failure>
  </testcase> <!-- verify_loginDDT -->
</testsuite> <!-- Test -->
